2026.03.12 10:23:27 INFO  Started: Metals version 1.6.6 in folders '/home/cooper/Code/Chisel/chisel-template' for client Visual Studio Code 1.110.1.
2026.03.12 10:23:27 INFO  Memory monitor started
2026.03.12 10:23:28 WARN  Using H2 2.4.240 which is newer than the version Flyway has been verified with. The latest verified version of H2 is 2.3.232.
3月 12, 2026 10:23:31 上午 org.eclipse.lsp4j.jsonrpc.services.GenericEndpoint notify
信息: Unsupported notification method: $/setTrace
3月 12, 2026 10:23:31 上午 org.eclipse.lsp4j.jsonrpc.services.GenericEndpoint notify
信息: Unsupported notification method: $/setTrace
2026.03.12 10:23:46 INFO  running '/home/cooper/.local/share/coursier/bin/sbt -Dbloop.export-jar-classifiers=sources bloopInstall'
2026.03.12 10:23:46 INFO  no build target found for /home/cooper/Code/Chisel/chisel-template/project/metals.sbt. Using presentation compiler with project's scala-library version: 3.3.7
2026.03.12 10:23:46 WARN  no build target for: /home/cooper/Code/Chisel/chisel-template/project/metals.sbt
2026.03.12 10:23:46 WARN  no build target for: /home/cooper/Code/Chisel/chisel-template/project/project/metals.sbt
2026.03.12 10:23:47 INFO  [info] welcome to sbt 1.12.4 (Oracle Corporation Java 21.0.9)
2026.03.12 10:23:48 INFO  no build target found for /home/cooper/Code/Chisel/chisel-template/project/project/metals.sbt. Using presentation compiler with project's scala-library version: 3.3.7
2026.03.12 10:23:47 INFO  [info] loading settings for project chisel-template-build-build-build from metals.sbt...
2026.03.12 10:23:48 INFO  [info] loading project definition from /home/cooper/Code/Chisel/chisel-template/project/project/project
2026.03.12 10:23:50 INFO  [info] loading settings for project chisel-template-build-build from metals.sbt...
2026.03.12 10:23:50 INFO  [info] loading project definition from /home/cooper/Code/Chisel/chisel-template/project/project
2026.03.12 10:23:52 INFO  [success] Generated .bloop/chisel-template-build-build.json
2026.03.12 10:23:52 INFO  [success] Total time: 2 s, completed 2026年3月12日 10:23:52
2026.03.12 10:23:52 INFO  [info] loading settings for project chisel-template-build from metals.sbt, plugins.sbt...
2026.03.12 10:23:52 INFO  [info] loading project definition from /home/cooper/Code/Chisel/chisel-template/project
2026.03.12 10:23:52 INFO  [success] Total time: 0 s, completed 2026年3月12日 10:23:53
2026.03.12 10:23:53 INFO  [info] loading settings for project root from build.sbt...
2026.03.12 10:23:53 INFO  [info] set current project to %NAME% (in build file:/home/cooper/Code/Chisel/chisel-template/)
2026.03.12 10:23:53 INFO  [success] Generated .bloop/root.json
2026.03.12 10:23:53 INFO  [success] Generated .bloop/root-test.json
2026.03.12 10:23:53 INFO  [success] Total time: 1 s, completed 2026年3月12日 10:23:54
2026.03.12 10:23:54 INFO  time: ran 'sbt bloopInstall' in 8.21s
2026.03.12 10:23:54 INFO  Attempting to connect to the build server...
2026.03.12 10:23:54 INFO  No running Bloop server found, starting one.
2026.03.12 10:24:00 INFO  Starting compilation server
2026.03.12 10:24:00 INFO  tracing is disabled for protocol BSP, to enable tracing of incoming and outgoing JSON messages create an empty file at /home/cooper/Code/Chisel/chisel-template/.metals/bsp.trace.json or /home/cooper/.cache/metals/bsp.trace.json
2026.03.12 10:24:02 INFO  Attempting to connect to the build server...
2026.03.12 10:24:02 INFO  Found a Bloop server running
2026.03.12 10:24:02 INFO  Attempting to connect to the build server...
2026.03.12 10:24:02 INFO  Found a Bloop server running
2026.03.12 10:24:02 INFO  tracing is disabled for protocol BSP, to enable tracing of incoming and outgoing JSON messages create an empty file at /home/cooper/Code/Chisel/chisel-template/project/project/.metals/bsp.trace.json or /home/cooper/.cache/metals/bsp.trace.json
2026.03.12 10:24:02 INFO  tracing is disabled for protocol BSP, to enable tracing of incoming and outgoing JSON messages create an empty file at /home/cooper/Code/Chisel/chisel-template/project/.metals/bsp.trace.json or /home/cooper/.cache/metals/bsp.trace.json
2026.03.12 10:24:03 INFO  time: Connected to build server in 8.79s
2026.03.12 10:24:03 INFO  Connected to Build server: Bloop v2.0.19
2026.03.12 10:24:07 WARN  Using H2 2.4.240 which is newer than the version Flyway has been verified with. The latest verified version of H2 is 2.3.232.
2026.03.12 10:24:10 INFO  time: indexed workspace in 6.4s
2026.03.12 10:50:51 INFO  time: code lens generation in 1.01s
2026.03.12 11:15:26 INFO  compiling root (2 scala sources)
2026.03.12 11:15:28 INFO  time: compiled root in 2.15s
3月 12, 2026 1:12:28 下午 org.eclipse.lsp4j.jsonrpc.RemoteEndpoint handleCancellation
警告: Unmatched cancel notification for request id 174
2026.03.12 13:15:04 INFO  compiling root-test (1 scala source)
2026.03.12 13:15:05 INFO  time: compiled root-test in 1.53s
2026.03.12 13:37:58 INFO  compiling root (1 scala source)
2026.03.12 13:37:58 INFO  time: compiled root in 0.54s
2026.03.12 13:43:17 INFO  file:///home/cooper/Code/Chisel/chisel-template/src/main/scala/code/Code.scala:1:1: stale bloop information:
Found names but no class, trait or object is defined in the compilation unit.
The incremental compiler cannot record the dependency information in such case.
Some errors like unused import referring to a non-existent class might not be reported.
    
package code
^
3月 12, 2026 3:27:56 下午 org.eclipse.lsp4j.jsonrpc.RemoteEndpoint handleCancellation
警告: Unmatched cancel notification for request id 2466
2026.03.12 15:45:29 INFO  compiling root (1 scala source)
2026.03.12 15:45:29 INFO  time: compiled root in 0.41s
2026.03.12 15:46:44 INFO  compiling root (1 scala source)
2026.03.12 15:46:44 INFO  time: compiled root in 0.7s
2026.03.12 15:53:12 INFO  compiling root (1 scala source)
2026.03.12 15:53:12 WARN  Could not load snapshot text for /home/cooper/Code/Chisel/chisel-template/src/main/scala/code/Code.scala
2026.03.12 15:53:12 INFO  time: compiled root in 0.35s
2026.03.12 15:53:12 WARN  Could not load snapshot text for /home/cooper/Code/Chisel/chisel-template/src/main/scala/code/Code.scala
2026.03.12 15:53:54 WARN  Could not load snapshot text for /home/cooper/Code/Chisel/chisel-template/src/main/scala/code/Code.scala
2026.03.12 15:53:56 WARN  Could not load snapshot text for /home/cooper/Code/Chisel/chisel-template/src/main/scala/code/Code.scala
2026.03.12 15:53:56 WARN  Could not load snapshot text for /home/cooper/Code/Chisel/chisel-template/src/main/scala/code/Code.scala
2026.03.12 15:53:58 WARN  Could not load snapshot text for /home/cooper/Code/Chisel/chisel-template/src/main/scala/code/Code.scala
2026.03.12 15:54:01 WARN  Could not load snapshot text for /home/cooper/Code/Chisel/chisel-template/src/main/scala/code/Code.scala
2026.03.12 15:54:05 WARN  Could not load snapshot text for /home/cooper/Code/Chisel/chisel-template/src/main/scala/code/Code.scala
2026.03.12 15:54:05 WARN  Could not load snapshot text for /home/cooper/Code/Chisel/chisel-template/src/main/scala/code/Code.scala
2026.03.12 15:54:07 WARN  Could not load snapshot text for /home/cooper/Code/Chisel/chisel-template/src/main/scala/code/Code.scala
2026.03.12 15:54:08 WARN  Could not load snapshot text for /home/cooper/Code/Chisel/chisel-template/src/main/scala/code/Code.scala
2026.03.12 15:54:22 WARN  Could not load snapshot text for /home/cooper/Code/Chisel/chisel-template/src/main/scala/code/Code.scala
2026.03.12 15:54:24 WARN  Could not load snapshot text for /home/cooper/Code/Chisel/chisel-template/src/main/scala/code/Code.scala
2026.03.12 15:54:24 WARN  Could not load snapshot text for /home/cooper/Code/Chisel/chisel-template/src/main/scala/code/Code.scala
2026.03.12 15:54:35 INFO  compiling root (1 scala source)
2026.03.12 15:54:35 INFO  time: compiled root in 0.16s
2026.03.12 15:54:36 WARN  Could not load snapshot text for /home/cooper/Code/Chisel/chisel-template/src/main/scala/code/Code.scala
2026.03.12 15:54:58 WARN  Could not load snapshot text for /home/cooper/Code/Chisel/chisel-template/src/main/scala/code/Code.scala
2026.03.12 15:54:59 WARN  Could not load snapshot text for /home/cooper/Code/Chisel/chisel-template/src/main/scala/code/Code.scala
2026.03.12 15:55:02 WARN  Could not load snapshot text for /home/cooper/Code/Chisel/chisel-template/src/main/scala/code/Code.scala
2026.03.12 15:55:02 WARN  Could not load snapshot text for /home/cooper/Code/Chisel/chisel-template/src/main/scala/code/Code.scala
2026.03.12 15:55:02 WARN  Could not load snapshot text for /home/cooper/Code/Chisel/chisel-template/src/main/scala/code/Code.scala
2026.03.12 15:55:04 WARN  Could not load snapshot text for /home/cooper/Code/Chisel/chisel-template/src/main/scala/code/Code.scala
2026.03.12 15:55:05 WARN  Could not load snapshot text for /home/cooper/Code/Chisel/chisel-template/src/main/scala/code/Code.scala
2026.03.12 15:55:06 WARN  Could not load snapshot text for /home/cooper/Code/Chisel/chisel-template/src/main/scala/code/Code.scala
2026.03.12 15:55:07 WARN  Could not load snapshot text for /home/cooper/Code/Chisel/chisel-template/src/main/scala/code/Code.scala
2026.03.12 15:55:12 WARN  Could not load snapshot text for /home/cooper/Code/Chisel/chisel-template/src/main/scala/code/Code.scala
2026.03.12 15:55:15 WARN  Could not load snapshot text for /home/cooper/Code/Chisel/chisel-template/src/main/scala/code/Code.scala
3月 12, 2026 3:55:15 下午 scala.meta.internal.pc.AutoImportsProvider$$anonfun$1 applyOrElse
警告: Could not infer edits for circt.stage, tree around the position were scala.reflect.internal.Trees$PackageDef, auto import position was Some(AutoImportPosition(73,0,false))
2026.03.12 15:55:18 WARN  Could not load snapshot text for /home/cooper/Code/Chisel/chisel-template/src/main/scala/code/Code.scala
2026.03.12 15:55:19 WARN  Could not load snapshot text for /home/cooper/Code/Chisel/chisel-template/src/main/scala/code/Code.scala
3月 12, 2026 3:55:19 下午 scala.meta.internal.pc.AutoImportsProvider$$anonfun$1 applyOrElse
警告: Could not infer edits for circt.stage, tree around the position were scala.reflect.internal.Trees$PackageDef, auto import position was Some(AutoImportPosition(79,0,false))
2026.03.12 15:55:20 WARN  Could not load snapshot text for /home/cooper/Code/Chisel/chisel-template/src/main/scala/code/Code.scala
2026.03.12 15:55:21 WARN  Could not load snapshot text for /home/cooper/Code/Chisel/chisel-template/src/main/scala/code/Code.scala
2026.03.12 15:55:22 WARN  Could not load snapshot text for /home/cooper/Code/Chisel/chisel-template/src/main/scala/code/Code.scala
2026.03.12 15:55:24 WARN  Could not load snapshot text for /home/cooper/Code/Chisel/chisel-template/src/main/scala/code/Code.scala
2026.03.12 15:55:29 INFO  compiling root (1 scala source)
2026.03.12 15:55:30 WARN  Could not load snapshot text for /home/cooper/Code/Chisel/chisel-template/src/main/scala/code/Code.scala
2026.03.12 15:55:29 INFO  time: compiled root in 0.71s
2026.03.12 15:58:24 INFO  compiling root (1 scala source)
2026.03.12 15:58:24 INFO  time: compiled root in 0.36s
2026.03.12 16:16:46 INFO  Shutting down server
2026.03.12 16:16:46 INFO  Memory monitor stopped
2026.03.12 16:16:46 INFO  shutting down Metals
2026.03.12 16:16:46 INFO  Shut down connection with build server.
2026.03.12 16:16:46 INFO  Shut down connection with build server.
2026.03.12 16:16:46 INFO  Shut down connection with build server.
2026.03.12 16:16:46 INFO  Exiting server
2026.03.12 18:24:00 INFO  Started: Metals version 1.6.6 in folders '/home/cooper/Code/Chisel/chisel-template' for client Visual Studio Code 1.110.1.
2026.03.12 18:24:00 INFO  Memory monitor started
2026.03.12 18:24:00 WARN  Using H2 2.4.240 which is newer than the version Flyway has been verified with. The latest verified version of H2 is 2.3.232.
2026.03.12 18:24:00 INFO  no build target found for /home/cooper/Code/Chisel/chisel-template/src/main/scala/code/Code.scala. Using presentation compiler with project's scala-library version: 3.3.7
2026.03.12 18:24:01 INFO  no build target found for /home/cooper/Code/Chisel/chisel-template/src/main/scala/code/Code.scala. Using presentation compiler with project's scala-library version: 3.3.7
2026.03.12 18:24:01 INFO  no build target found for /home/cooper/Code/Chisel/chisel-template/src/main/scala/gcd/GCD.scala. Using presentation compiler with project's scala-library version: 3.3.7
2026.03.12 18:24:01 INFO  Attempting to connect to the build server...
2026.03.12 18:24:01 INFO  Found a Bloop server running
2026.03.12 18:24:01 INFO  tracing is disabled for protocol BSP, to enable tracing of incoming and outgoing JSON messages create an empty file at /home/cooper/Code/Chisel/chisel-template/.metals/bsp.trace.json or /home/cooper/.cache/metals/bsp.trace.json
2026.03.12 18:24:01 INFO  Attempting to connect to the build server...
2026.03.12 18:24:01 INFO  Found a Bloop server running
2026.03.12 18:24:01 INFO  Attempting to connect to the build server...
2026.03.12 18:24:01 INFO  Found a Bloop server running
2026.03.12 18:24:01 INFO  tracing is disabled for protocol BSP, to enable tracing of incoming and outgoing JSON messages create an empty file at /home/cooper/Code/Chisel/chisel-template/project/project/.metals/bsp.trace.json or /home/cooper/.cache/metals/bsp.trace.json
2026.03.12 18:24:01 INFO  tracing is disabled for protocol BSP, to enable tracing of incoming and outgoing JSON messages create an empty file at /home/cooper/Code/Chisel/chisel-template/project/.metals/bsp.trace.json or /home/cooper/.cache/metals/bsp.trace.json
2026.03.12 18:24:01 INFO  time: Connected to build server in 0.25s
2026.03.12 18:24:01 INFO  Connected to Build server: Bloop v2.0.19
2026.03.12 18:24:03 WARN  Using H2 2.4.240 which is newer than the version Flyway has been verified with. The latest verified version of H2 is 2.3.232.
2026.03.12 18:24:03 INFO  time: indexed workspace in 1.88s
2026.03.12 19:03:51 INFO  compiling root (1 scala source)
2026.03.12 19:03:51 INFO  time: compiled root in 0.34s
2026.03.12 19:04:31 INFO  compiling root (1 scala source)
2026.03.12 19:04:31 INFO  time: compiled root in 0.75s
2026.03.12 19:05:26 INFO  compiling root (1 scala source)
2026.03.12 19:05:26 WARN  Could not load snapshot text for /home/cooper/Code/Chisel/chisel-template/src/main/scala/code/Code.scala
2026.03.12 19:05:26 INFO  time: compiled root in 0.57s
2026.03.12 19:06:47 INFO  compiling root (1 scala source)
2026.03.12 19:06:48 INFO  time: compiled root in 1.04s
2026.03.12 19:09:16 INFO  compiling root (1 scala source)
2026.03.12 19:09:17 INFO  time: compiled root in 1.1s
2026.03.12 19:10:17 INFO  compiling root (1 scala source)
2026.03.12 19:10:17 INFO  time: compiled root in 0.38s
2026.03.12 19:10:18 WARN  Could not load snapshot text for /home/cooper/Code/Chisel/chisel-template/src/main/scala/code/Code.scala
2026.03.12 19:10:36 WARN  Could not load snapshot text for /home/cooper/Code/Chisel/chisel-template/src/main/scala/code/Code.scala
2026.03.12 19:10:38 WARN  Could not load snapshot text for /home/cooper/Code/Chisel/chisel-template/src/main/scala/code/Code.scala
2026.03.12 19:10:38 WARN  Could not load snapshot text for /home/cooper/Code/Chisel/chisel-template/src/main/scala/code/Code.scala
2026.03.12 19:10:41 INFO  compiling root (1 scala source)
2026.03.12 19:10:41 INFO  time: compiled root in 0.78s
3月 12, 2026 7:19:46 下午 org.eclipse.lsp4j.jsonrpc.RemoteEndpoint handleCancellation
警告: Unmatched cancel notification for request id 1666
3月 12, 2026 7:19:51 下午 org.eclipse.lsp4j.jsonrpc.RemoteEndpoint handleCancellation
警告: Unmatched cancel notification for request id 1720
3月 12, 2026 7:23:26 下午 org.eclipse.lsp4j.jsonrpc.RemoteEndpoint handleCancellation
警告: Unmatched cancel notification for request id 1908
3月 12, 2026 7:23:26 下午 org.eclipse.lsp4j.jsonrpc.RemoteEndpoint handleCancellation
警告: Unmatched cancel notification for request id 1909
3月 12, 2026 7:25:56 下午 org.eclipse.lsp4j.jsonrpc.RemoteEndpoint handleCancellation
警告: Unmatched cancel notification for request id 2652
3月 12, 2026 7:38:12 下午 org.eclipse.lsp4j.jsonrpc.RemoteEndpoint handleCancellation
警告: Unmatched cancel notification for request id 5347
2026.03.12 19:39:08 INFO  compiling root (1 scala source)
2026.03.12 19:39:08 INFO  time: compiled root in 0.4s
2026.03.12 19:39:19 INFO  compiling root (1 scala source)
2026.03.12 19:39:19 INFO  time: compiled root in 0.76s
2026.03.13 09:27:28 INFO  Started: Metals version 1.6.6 in folders '/home/cooper/Code/Chisel/chisel-template' for client Visual Studio Code 1.110.1.
2026.03.13 09:27:28 INFO  Memory monitor started
2026.03.13 09:27:28 WARN  Using H2 2.4.240 which is newer than the version Flyway has been verified with. The latest verified version of H2 is 2.3.232.
2026.03.13 09:27:28 INFO  no build target found for /home/cooper/Code/Chisel/chisel-template/src/main/scala/code/Code.scala. Using presentation compiler with project's scala-library version: 3.3.7
2026.03.13 09:27:29 INFO  no build target found for /home/cooper/Code/Chisel/chisel-template/src/test/scala/gcd/GCDSpec.scala. Using presentation compiler with project's scala-library version: 3.3.7
2026.03.13 09:27:29 INFO  no build target found for /home/cooper/Code/Chisel/chisel-template/src/test/scala/gcd/GCDSpec.scala. Using presentation compiler with project's scala-library version: 3.3.7
2026.03.13 09:27:29 INFO  no build target found for /home/cooper/Code/Chisel/chisel-template/src/main/scala/code/Code.scala. Using presentation compiler with project's scala-library version: 3.3.7
2026.03.13 09:27:29 INFO  Attempting to connect to the build server...
2026.03.13 09:27:29 INFO  No running Bloop server found, starting one.
3月 13, 2026 9:27:30 上午 org.eclipse.lsp4j.jsonrpc.services.GenericEndpoint notify
信息: Unsupported notification method: $/setTrace
3月 13, 2026 9:27:30 上午 org.eclipse.lsp4j.jsonrpc.services.GenericEndpoint notify
信息: Unsupported notification method: $/setTrace
2026.03.13 09:27:29 INFO  no build target found for /home/cooper/Code/Chisel/chisel-template/src/main/scala/code/Code.scala. Using presentation compiler with project's scala-library version: 3.3.7
2026.03.13 09:27:29 INFO  no build target found for /home/cooper/Code/Chisel/chisel-template/src/test/scala/gcd/GCDSpec.scala. Using presentation compiler with project's scala-library version: 3.3.7
2026.03.13 09:27:29 INFO  Starting compilation server
2026.03.13 09:27:29 INFO  no build target found for /home/cooper/Code/Chisel/chisel-template/src/main/scala/code/Code.scala. Using presentation compiler with project's scala-library version: 3.3.7
3月 13, 2026 9:27:30 上午 org.eclipse.lsp4j.jsonrpc.RemoteEndpoint handleCancellation
警告: Unmatched cancel notification for request id 16
3月 13, 2026 9:27:30 上午 org.eclipse.lsp4j.jsonrpc.RemoteEndpoint handleCancellation
警告: Unmatched cancel notification for request id 17
2026.03.13 09:27:29 INFO  no build target found for /home/cooper/Code/Chisel/chisel-template/src/test/scala/gcd/GCDSpec.scala. Using presentation compiler with project's scala-library version: 3.3.7
2026.03.13 09:27:29 INFO  no build target found for /home/cooper/Code/Chisel/chisel-template/src/main/scala/code/Code.scala. Using presentation compiler with project's scala-library version: 3.3.7
2026.03.13 09:27:29 INFO  no build target found for /home/cooper/Code/Chisel/chisel-template/src/test/scala/gcd/GCDSpec.scala. Using presentation compiler with project's scala-library version: 3.3.7
3月 13, 2026 9:27:30 上午 org.eclipse.lsp4j.jsonrpc.services.GenericEndpoint notify
信息: Unsupported notification method: $/setTrace
3月 13, 2026 9:27:30 上午 org.eclipse.lsp4j.jsonrpc.services.GenericEndpoint notify
信息: Unsupported notification method: $/setTrace
2026.03.13 09:27:29 INFO  no build target found for /home/cooper/Code/Chisel/chisel-template/src/main/scala/code/Code.scala. Using presentation compiler with project's scala-library version: 3.3.7
2026.03.13 09:27:29 INFO  no build target found for /home/cooper/Code/Chisel/chisel-template/src/test/scala/gcd/GCDSpec.scala. Using presentation compiler with project's scala-library version: 3.3.7
3月 13, 2026 9:27:30 上午 org.eclipse.lsp4j.jsonrpc.RemoteEndpoint handleCancellation
警告: Unmatched cancel notification for request id 20
3月 13, 2026 9:27:30 上午 org.eclipse.lsp4j.jsonrpc.services.GenericEndpoint notify
信息: Unsupported notification method: $/setTrace
3月 13, 2026 9:27:30 上午 org.eclipse.lsp4j.jsonrpc.RemoteEndpoint handleCancellation
警告: Unmatched cancel notification for request id 24
2026.03.13 09:27:29 INFO  no build target found for /home/cooper/Code/Chisel/chisel-template/src/main/scala/code/Code.scala. Using presentation compiler with project's scala-library version: 3.3.7
2026.03.13 09:27:29 INFO  no build target found for /home/cooper/Code/Chisel/chisel-template/src/test/scala/gcd/GCDSpec.scala. Using presentation compiler with project's scala-library version: 3.3.7
2026.03.13 09:27:30 INFO  no build target found for /home/cooper/Code/Chisel/chisel-template/src/main/scala/code/Code.scala. Using presentation compiler with project's scala-library version: 3.3.7
3月 13, 2026 9:27:30 上午 org.eclipse.lsp4j.jsonrpc.RemoteEndpoint handleCancellation
警告: Unmatched cancel notification for request id 26
2026.03.13 09:27:30 INFO  no build target found for /home/cooper/Code/Chisel/chisel-template/src/test/scala/gcd/GCDSpec.scala. Using presentation compiler with project's scala-library version: 3.3.7
3月 13, 2026 9:27:30 上午 org.eclipse.lsp4j.jsonrpc.RemoteEndpoint handleCancellation
警告: Unmatched cancel notification for request id 27
2026.03.13 09:27:31 INFO  tracing is disabled for protocol BSP, to enable tracing of incoming and outgoing JSON messages create an empty file at /home/cooper/Code/Chisel/chisel-template/.metals/bsp.trace.json or /home/cooper/.cache/metals/bsp.trace.json
2026.03.13 09:27:31 INFO  Attempting to connect to the build server...
2026.03.13 09:27:31 INFO  Found a Bloop server running
2026.03.13 09:27:31 INFO  Attempting to connect to the build server...
2026.03.13 09:27:31 INFO  Found a Bloop server running
2026.03.13 09:27:31 INFO  tracing is disabled for protocol BSP, to enable tracing of incoming and outgoing JSON messages create an empty file at /home/cooper/Code/Chisel/chisel-template/project/.metals/bsp.trace.json or /home/cooper/.cache/metals/bsp.trace.json
2026.03.13 09:27:31 INFO  tracing is disabled for protocol BSP, to enable tracing of incoming and outgoing JSON messages create an empty file at /home/cooper/Code/Chisel/chisel-template/project/project/.metals/bsp.trace.json or /home/cooper/.cache/metals/bsp.trace.json
2026.03.13 09:27:31 INFO  time: Connected to build server in 1.74s
2026.03.13 09:27:31 INFO  Connected to Build server: Bloop v2.0.19
2026.03.13 09:27:33 WARN  Using H2 2.4.240 which is newer than the version Flyway has been verified with. The latest verified version of H2 is 2.3.232.
2026.03.13 09:27:33 INFO  time: indexed workspace in 1.94s
2026.03.13 09:27:33 INFO  compiling root (3 scala sources)
2026.03.13 09:27:36 INFO  compiling root-test (1 scala source)
2026.03.13 09:27:36 INFO  time: compiled root in 2.49s
2026.03.13 09:27:36 INFO  time: compiled root-test in 0.92s
3月 13, 2026 9:27:40 上午 org.eclipse.lsp4j.jsonrpc.services.GenericEndpoint notify
信息: Unsupported notification method: $/setTrace
2026.03.13 09:27:40 INFO  Shutting down server
2026.03.13 09:27:40 INFO  Memory monitor stopped
2026.03.13 09:27:40 INFO  shutting down Metals
2026.03.13 09:27:40 INFO  Shut down connection with build server.
2026.03.13 09:27:40 INFO  Shut down connection with build server.
2026.03.13 09:27:40 INFO  Shut down connection with build server.
2026.03.13 09:27:40 INFO  Exiting server
2026.03.16 18:01:48 INFO  Started: Metals version 1.6.6 in folders '/home/cooper/Code/Chisel/chisel-template' for client Visual Studio Code 1.110.1.
2026.03.16 18:01:48 INFO  Memory monitor started
2026.03.16 18:01:48 WARN  Using H2 2.4.240 which is newer than the version Flyway has been verified with. The latest verified version of H2 is 2.3.232.
2026.03.16 18:01:48 INFO  no build target found for /home/cooper/Code/Chisel/chisel-template/src/main/scala/code/Code.scala. Using presentation compiler with project's scala-library version: 3.3.7
2026.03.16 18:01:48 INFO  no build target found for /home/cooper/Code/Chisel/chisel-template/src/test/scala/gcd/GCDSpec.scala. Using presentation compiler with project's scala-library version: 3.3.7
2026.03.16 18:01:49 INFO  no build target found for /home/cooper/Code/Chisel/chisel-template/src/main/scala/code/Code.scala. Using presentation compiler with project's scala-library version: 3.3.7
2026.03.16 18:01:49 INFO  no build target found for /home/cooper/Code/Chisel/chisel-template/src/test/scala/gcd/GCDSpec.scala. Using presentation compiler with project's scala-library version: 3.3.7
2026.03.16 18:01:49 INFO  Attempting to connect to the build server...
2026.03.16 18:01:49 INFO  No running Bloop server found, starting one.
2026.03.16 18:01:49 INFO  Starting compilation server
2026.03.16 18:01:50 INFO  tracing is disabled for protocol BSP, to enable tracing of incoming and outgoing JSON messages create an empty file at /home/cooper/Code/Chisel/chisel-template/.metals/bsp.trace.json or /home/cooper/.cache/metals/bsp.trace.json
2026.03.16 18:01:50 INFO  Attempting to connect to the build server...
2026.03.16 18:01:50 INFO  Found a Bloop server running
2026.03.16 18:01:50 INFO  Attempting to connect to the build server...
2026.03.16 18:01:50 INFO  Found a Bloop server running
2026.03.16 18:01:50 INFO  tracing is disabled for protocol BSP, to enable tracing of incoming and outgoing JSON messages create an empty file at /home/cooper/Code/Chisel/chisel-template/project/.metals/bsp.trace.json or /home/cooper/.cache/metals/bsp.trace.json
2026.03.16 18:01:50 INFO  tracing is disabled for protocol BSP, to enable tracing of incoming and outgoing JSON messages create an empty file at /home/cooper/Code/Chisel/chisel-template/project/project/.metals/bsp.trace.json or /home/cooper/.cache/metals/bsp.trace.json
2026.03.16 18:01:50 INFO  time: Connected to build server in 1.59s
2026.03.16 18:01:50 INFO  Connected to Build server: Bloop v2.0.19
2026.03.16 18:01:51 WARN  Using H2 2.4.240 which is newer than the version Flyway has been verified with. The latest verified version of H2 is 2.3.232.
2026.03.16 18:01:51 INFO  time: indexed workspace in 1.66s
2026.03.16 18:13:19 INFO  compiling root (1 scala source)
2026.03.16 18:13:20 INFO  time: compiled root in 1.17s
3月 16, 2026 6:13:37 下午 org.eclipse.lsp4j.jsonrpc.RemoteEndpoint handleCancellation
警告: Unmatched cancel notification for request id 152
3月 16, 2026 6:14:32 下午 org.eclipse.lsp4j.jsonrpc.RemoteEndpoint handleCancellation
警告: Unmatched cancel notification for request id 499
3月 16, 2026 6:14:32 下午 org.eclipse.lsp4j.jsonrpc.RemoteEndpoint handleCancellation
警告: Unmatched cancel notification for request id 500
3月 16, 2026 6:14:46 下午 org.eclipse.lsp4j.jsonrpc.RemoteEndpoint handleCancellation
警告: Unmatched cancel notification for request id 615
3月 16, 2026 8:41:43 下午 org.eclipse.lsp4j.jsonrpc.RemoteEndpoint handleCancellation
警告: Unmatched cancel notification for request id 3307
2026.03.16 20:43:15 INFO  compiling root (1 scala source)
2026.03.16 20:43:15 INFO  time: compiled root in 0.31s
2026.03.16 20:43:28 INFO  compiling root (1 scala source)
2026.03.16 20:43:28 INFO  time: compiled root in 0.71s
2026.03.16 20:43:54 INFO  compiling root (1 scala source)
2026.03.16 20:43:54 INFO  time: compiled root in 0.26s
2026.03.16 21:54:14 INFO  compiling root (1 scala source)
2026.03.16 21:54:16 INFO  time: compiled root in 1.29s
3月 16, 2026 10:06:32 下午 org.eclipse.lsp4j.jsonrpc.RemoteEndpoint handleCancellation
警告: Unmatched cancel notification for request id 6780
2026.03.16 23:35:20 INFO  compiling root (1 scala source)
2026.03.16 23:35:20 INFO  time: compiled root in 0.56s
2026.03.16 23:35:42 INFO  compiling root (1 scala source)
2026.03.16 23:35:42 INFO  time: compiled root in 0.99s
2026.03.16 23:35:53 INFO  Shutting down server
2026.03.16 23:35:53 INFO  Memory monitor stopped
2026.03.16 23:35:53 INFO  shutting down Metals
2026.03.16 23:35:53 INFO  Shut down connection with build server.
2026.03.16 23:35:53 INFO  Shut down connection with build server.
2026.03.16 23:35:53 INFO  Shut down connection with build server.
2026.03.16 23:35:53 INFO  Exiting server
2026.03.17 09:18:48 INFO  Started: Metals version 1.6.6 in folders '/home/cooper/Code/Chisel/chisel-template' for client Visual Studio Code 1.110.1.
2026.03.17 09:18:48 INFO  Memory monitor started
2026.03.17 09:18:48 WARN  Using H2 2.4.240 which is newer than the version Flyway has been verified with. The latest verified version of H2 is 2.3.232.
2026.03.17 09:18:48 INFO  no build target found for /home/cooper/Code/Chisel/chisel-template/src/main/scala/ALU/ALU.scala. Using presentation compiler with project's scala-library version: 3.3.7
2026.03.17 09:18:49 INFO  no build target found for /home/cooper/Code/Chisel/chisel-template/src/main/scala/ALU/ALU.scala. Using presentation compiler with project's scala-library version: 3.3.7
2026.03.17 09:18:49 INFO  Attempting to connect to the build server...
2026.03.17 09:18:49 INFO  No running Bloop server found, starting one.
2026.03.17 09:18:49 INFO  Starting compilation server
2026.03.17 09:18:50 INFO  tracing is disabled for protocol BSP, to enable tracing of incoming and outgoing JSON messages create an empty file at /home/cooper/Code/Chisel/chisel-template/.metals/bsp.trace.json or /home/cooper/.cache/metals/bsp.trace.json
2026.03.17 09:18:50 INFO  Attempting to connect to the build server...
2026.03.17 09:18:50 INFO  Found a Bloop server running
2026.03.17 09:18:50 INFO  Attempting to connect to the build server...
2026.03.17 09:18:50 INFO  Found a Bloop server running
2026.03.17 09:18:50 INFO  tracing is disabled for protocol BSP, to enable tracing of incoming and outgoing JSON messages create an empty file at /home/cooper/Code/Chisel/chisel-template/project/.metals/bsp.trace.json or /home/cooper/.cache/metals/bsp.trace.json
2026.03.17 09:18:50 INFO  tracing is disabled for protocol BSP, to enable tracing of incoming and outgoing JSON messages create an empty file at /home/cooper/Code/Chisel/chisel-template/project/project/.metals/bsp.trace.json or /home/cooper/.cache/metals/bsp.trace.json
2026.03.17 09:18:50 INFO  time: Connected to build server in 1.55s
2026.03.17 09:18:50 INFO  Connected to Build server: Bloop v2.0.19
2026.03.17 09:18:52 WARN  Using H2 2.4.240 which is newer than the version Flyway has been verified with. The latest verified version of H2 is 2.3.232.
2026.03.17 09:18:52 INFO  time: indexed workspace in 1.7s
2026.03.17 09:18:52 INFO  compiling root-test (1 scala source)
2026.03.17 09:18:52 INFO  time: compiled root-test in 0.91s
3月 17, 2026 10:14:06 上午 org.eclipse.lsp4j.jsonrpc.RemoteEndpoint handleCancellation
警告: Unmatched cancel notification for request id 326
3月 17, 2026 10:19:08 上午 scala.meta.internal.pc.CompilerAccess retryWithCleanCompiler
信息: compiler crashed due to an error in the Scala compiler, retrying with new compiler instance.
2026.03.17 10:19:08 INFO  Created report: Optional[file:///home/cooper/Code/Chisel/chisel-template/src/main/scala/ALU/ALU.scala]
2026.03.17 10:19:08 INFO  scala.ScalaReflectionException: value div_op is not a method (full report at: "/home/cooper/Code/Chisel/chisel-template/.metals/.reports/metals-full/2026-03-17/r_compiler-error_(root)_10-19-08-880.md")
2026.03.17 10:19:08 WARN  Could not find semantic tokens for: file:///home/cooper/Code/Chisel/chisel-template/src/main/scala/ALU/ALU.scala
3月 17, 2026 10:19:09 上午 scala.meta.internal.pc.CompilerAccess retryWithCleanCompiler
信息: compiler crashed due to an error in the Scala compiler, retrying with new compiler instance.
2026.03.17 10:19:08 INFO  Created report: Optional[file:///home/cooper/Code/Chisel/chisel-template/src/main/scala/ALU/ALU.scala]
2026.03.17 10:19:08 INFO  scala.ScalaReflectionException: value div_op is not a method (full report at: "/home/cooper/Code/Chisel/chisel-template/.metals/.reports/metals-full/2026-03-17/r_compiler-error_(root)_10-19-09-537.md")
2026.03.17 10:19:09 WARN  Could not find semantic tokens for: file:///home/cooper/Code/Chisel/chisel-template/src/main/scala/ALU/ALU.scala
3月 17, 2026 10:19:14 上午 scala.meta.internal.pc.CompilerAccess retryWithCleanCompiler
信息: compiler crashed due to an error in the Scala compiler, retrying with new compiler instance.
2026.03.17 10:19:15 INFO  Created report: Optional[file:///home/cooper/Code/Chisel/chisel-template/src/main/scala/ALU/ALU.scala]
2026.03.17 10:19:15 INFO  scala.ScalaReflectionException: value div_op is not a method (full report at: "/home/cooper/Code/Chisel/chisel-template/.metals/.reports/metals-full/2026-03-17/r_compiler-error_(root)_10-19-15-010.md")
2026.03.17 10:19:15 WARN  Could not find semantic tokens for: file:///home/cooper/Code/Chisel/chisel-template/src/main/scala/ALU/ALU.scala
3月 17, 2026 10:19:20 上午 scala.meta.internal.pc.CompilerAccess retryWithCleanCompiler
信息: compiler crashed due to an error in the Scala compiler, retrying with new compiler instance.
2026.03.17 10:19:20 INFO  Created report: Optional[file:///home/cooper/Code/Chisel/chisel-template/src/main/scala/ALU/ALU.scala]
2026.03.17 10:19:20 INFO  scala.ScalaReflectionException: value div_op is not a method (full report at: "/home/cooper/Code/Chisel/chisel-template/.metals/.reports/metals-full/2026-03-17/r_compiler-error_(root)_10-19-20-669.md")
2026.03.17 10:19:20 WARN  Could not find semantic tokens for: file:///home/cooper/Code/Chisel/chisel-template/src/main/scala/ALU/ALU.scala
3月 17, 2026 10:19:21 上午 scala.meta.internal.pc.CompilerAccess retryWithCleanCompiler
信息: compiler crashed due to an error in the Scala compiler, retrying with new compiler instance.
2026.03.17 10:19:21 INFO  Created report: Optional[file:///home/cooper/Code/Chisel/chisel-template/src/main/scala/ALU/ALU.scala]
2026.03.17 10:19:21 INFO  scala.ScalaReflectionException: value div_op is not a method (full report at: "/home/cooper/Code/Chisel/chisel-template/.metals/.reports/metals-full/2026-03-17/r_compiler-error_(root)_10-19-21-682.md")
2026.03.17 10:19:21 WARN  Could not find semantic tokens for: file:///home/cooper/Code/Chisel/chisel-template/src/main/scala/ALU/ALU.scala
3月 17, 2026 10:29:20 上午 org.eclipse.lsp4j.jsonrpc.RemoteEndpoint handleCancellation
警告: Unmatched cancel notification for request id 2536
3月 17, 2026 11:06:33 上午 org.eclipse.lsp4j.jsonrpc.RemoteEndpoint handleCancellation
警告: Unmatched cancel notification for request id 3325
3月 17, 2026 11:13:47 上午 scala.meta.internal.pc.CompilerAccess retryWithCleanCompiler
信息: compiler crashed due to an error in the Scala compiler, retrying with new compiler instance.
2026.03.17 11:13:47 INFO  Created report: Optional[file:///home/cooper/Code/Chisel/chisel-template/src/main/scala/ALU/ALU.scala]
2026.03.17 11:13:47 INFO  scala.ScalaReflectionException: value data_valid is not a method (full report at: "/home/cooper/Code/Chisel/chisel-template/.metals/.reports/metals-full/2026-03-17/r_compiler-error_(root)_11-13-47-170.md")
2026.03.17 11:13:47 WARN  Could not find semantic tokens for: file:///home/cooper/Code/Chisel/chisel-template/src/main/scala/ALU/ALU.scala
3月 17, 2026 11:23:06 上午 scala.meta.internal.pc.CompilerAccess retryWithCleanCompiler
信息: compiler crashed due to an error in the Scala compiler, retrying with new compiler instance.
2026.03.17 11:23:06 INFO  Created report: Optional[file:///home/cooper/Code/Chisel/chisel-template/src/main/scala/ALU/ALU.scala]
2026.03.17 11:23:06 INFO  scala.ScalaReflectionException: value cpu_ready is not a method (full report at: "/home/cooper/Code/Chisel/chisel-template/.metals/.reports/metals-full/2026-03-17/r_compiler-error_(root)_11-23-06-940.md")
2026.03.17 11:23:06 WARN  Could not find semantic tokens for: file:///home/cooper/Code/Chisel/chisel-template/src/main/scala/ALU/ALU.scala
3月 17, 2026 11:23:07 上午 scala.meta.internal.pc.CompilerAccess retryWithCleanCompiler
信息: compiler crashed due to an error in the Scala compiler, retrying with new compiler instance.
2026.03.17 11:23:06 INFO  Created report: Optional[file:///home/cooper/Code/Chisel/chisel-template/src/main/scala/ALU/ALU.scala]
2026.03.17 11:23:06 INFO  scala.ScalaReflectionException: value cpu_ready is not a method (full report at: "/home/cooper/Code/Chisel/chisel-template/.metals/.reports/metals-full/2026-03-17/r_compiler-error_(root)_11-23-07-407.md")
2026.03.17 11:23:07 WARN  Could not find semantic tokens for: file:///home/cooper/Code/Chisel/chisel-template/src/main/scala/ALU/ALU.scala
3月 17, 2026 11:23:15 上午 scala.meta.internal.pc.CompilerAccess retryWithCleanCompiler
信息: compiler crashed due to an error in the Scala compiler, retrying with new compiler instance.
2026.03.17 11:23:15 INFO  Created report: Optional[file:///home/cooper/Code/Chisel/chisel-template/src/main/scala/ALU/ALU.scala]
2026.03.17 11:23:15 INFO  scala.ScalaReflectionException: value cpu_ready is not a method (full report at: "/home/cooper/Code/Chisel/chisel-template/.metals/.reports/metals-full/2026-03-17/r_compiler-error_(root)_11-23-15-333.md")
2026.03.17 11:23:15 WARN  Could not find semantic tokens for: file:///home/cooper/Code/Chisel/chisel-template/src/main/scala/ALU/ALU.scala
2026.03.17 11:31:22 INFO  compiling root (1 scala source)
2026.03.17 11:31:22 INFO  time: compiled root in 0.48s
2026.03.17 12:33:04 INFO  Shutting down server
2026.03.17 12:33:04 INFO  Memory monitor stopped
2026.03.17 12:33:04 INFO  shutting down Metals
2026.03.17 12:33:04 INFO  Shut down connection with build server.
2026.03.17 12:33:04 INFO  Shut down connection with build server.
2026.03.17 12:33:04 INFO  Shut down connection with build server.
2026.03.17 12:33:04 INFO  Exiting server
2026.03.17 15:15:16 INFO  Started: Metals version 1.6.6 in folders '/home/cooper/Code/Chisel/chisel-template' for client Visual Studio Code 1.111.0.
2026.03.17 15:15:16 INFO  Memory monitor started
2026.03.17 15:15:16 WARN  Using H2 2.4.240 which is newer than the version Flyway has been verified with. The latest verified version of H2 is 2.3.232.
2026.03.17 15:15:16 INFO  no build target found for /home/cooper/Code/Chisel/chisel-template/src/main/scala/ALU/ALU.scala. Using presentation compiler with project's scala-library version: 3.3.7
2026.03.17 15:15:16 INFO  Attempting to connect to the build server...
2026.03.17 15:15:16 INFO  No running Bloop server found, starting one.
2026.03.17 15:15:17 INFO  Starting compilation server
2026.03.17 15:15:18 INFO  tracing is disabled for protocol BSP, to enable tracing of incoming and outgoing JSON messages create an empty file at /home/cooper/Code/Chisel/chisel-template/.metals/bsp.trace.json or /home/cooper/.cache/metals/bsp.trace.json
2026.03.17 15:15:18 INFO  Attempting to connect to the build server...
2026.03.17 15:15:18 INFO  Found a Bloop server running
2026.03.17 15:15:18 INFO  Attempting to connect to the build server...
2026.03.17 15:15:18 INFO  Found a Bloop server running
2026.03.17 15:15:18 INFO  tracing is disabled for protocol BSP, to enable tracing of incoming and outgoing JSON messages create an empty file at /home/cooper/Code/Chisel/chisel-template/project/project/.metals/bsp.trace.json or /home/cooper/.cache/metals/bsp.trace.json
2026.03.17 15:15:18 INFO  tracing is disabled for protocol BSP, to enable tracing of incoming and outgoing JSON messages create an empty file at /home/cooper/Code/Chisel/chisel-template/project/.metals/bsp.trace.json or /home/cooper/.cache/metals/bsp.trace.json
2026.03.17 15:15:18 INFO  time: Connected to build server in 1.83s
2026.03.17 15:15:18 INFO  Connected to Build server: Bloop v2.0.19
2026.03.17 15:15:18 INFO  time: Imported build in 0.1s
2026.03.17 15:15:20 WARN  Using H2 2.4.240 which is newer than the version Flyway has been verified with. The latest verified version of H2 is 2.3.232.
2026.03.17 15:15:20 INFO  time: indexed workspace in 1.83s
2026.03.17 15:15:21 INFO  compiling root (1 scala source)
2026.03.17 15:15:22 INFO  time: compiled root in 1.02s
3月 17, 2026 3:16:17 下午 org.eclipse.lsp4j.jsonrpc.services.GenericEndpoint notify
信息: Unsupported notification method: $/setTrace
2026.03.17 15:17:02 INFO  Created report: Optional[file:///home/cooper/Code/Chisel/chisel-template/src/main/scala/ALU/ALU.scala]
2026.03.17 15:17:02 INFO  empty definition using pc, found symbol in pc:  (full report at: "/home/cooper/Code/Chisel/chisel-template/.metals/.reports/metals-full/2026-03-17/r_empty-definition_(root)_15-17-02-679.md")
2026.03.17 15:33:19 INFO  compiling root (1 scala source)
2026.03.17 15:33:22 INFO  time: compiled root in 2.92s
2026.03.17 15:39:07 INFO  compiling root (1 scala source)
2026.03.17 15:39:09 INFO  time: compiled root in 2.34s
3月 17, 2026 3:55:19 下午 org.eclipse.lsp4j.jsonrpc.RemoteEndpoint handleCancellation
警告: Unmatched cancel notification for request id 1564
3月 17, 2026 3:58:29 下午 scala.meta.internal.pc.CompilerAccess retryWithCleanCompiler
信息: compiler crashed due to an error in the Scala compiler, retrying with new compiler instance.
2026.03.17 15:58:30 INFO  Created report: Optional[file:///home/cooper/Code/Chisel/chisel-template/src/main/scala/ALU/ALU.scala]
2026.03.17 15:58:30 INFO  scala.ScalaReflectionException: value adder_res_ext is not a method (full report at: "/home/cooper/Code/Chisel/chisel-template/.metals/.reports/metals-full/2026-03-17/r_compiler-error_(root)_15-58-30-020.md")
2026.03.17 15:58:30 WARN  Could not find semantic tokens for: file:///home/cooper/Code/Chisel/chisel-template/src/main/scala/ALU/ALU.scala
3月 17, 2026 3:58:31 下午 scala.meta.internal.pc.CompilerAccess retryWithCleanCompiler
信息: compiler crashed due to an error in the Scala compiler, retrying with new compiler instance.
2026.03.17 15:58:31 INFO  Created report: Optional[file:///home/cooper/Code/Chisel/chisel-template/src/main/scala/ALU/ALU.scala]
2026.03.17 15:58:31 INFO  scala.ScalaReflectionException: value adder_res_ext is not a method (full report at: "/home/cooper/Code/Chisel/chisel-template/.metals/.reports/metals-full/2026-03-17/r_compiler-error_(root)_15-58-31-297.md")
2026.03.17 15:58:31 WARN  Could not find semantic tokens for: file:///home/cooper/Code/Chisel/chisel-template/src/main/scala/ALU/ALU.scala
3月 17, 2026 3:58:31 下午 scala.meta.internal.pc.CompilerAccess retryWithCleanCompiler
信息: compiler crashed due to an error in the Scala compiler, retrying with new compiler instance.
2026.03.17 15:58:31 INFO  Created report: Optional[file:///home/cooper/Code/Chisel/chisel-template/src/main/scala/ALU/ALU.scala]
2026.03.17 15:58:31 INFO  scala.ScalaReflectionException: value adder_res_ext is not a method (full report at: "/home/cooper/Code/Chisel/chisel-template/.metals/.reports/metals-full/2026-03-17/r_compiler-error_(root)_15-58-31-956.md")
2026.03.17 15:58:31 WARN  Could not find semantic tokens for: file:///home/cooper/Code/Chisel/chisel-template/src/main/scala/ALU/ALU.scala
2026.03.17 16:18:37 INFO  compiling root (1 scala source)
2026.03.17 16:18:39 INFO  time: compiled root in 1.23s
2026.03.17 16:19:07 INFO  compiling root (1 scala source)
2026.03.17 16:19:07 INFO  time: compiled root in 0.5s
2026.03.17 16:19:23 INFO  compiling root (1 scala source)
2026.03.17 16:19:23 INFO  time: compiled root in 0.45s
2026.03.17 16:19:53 INFO  compiling root (1 scala source)
2026.03.17 16:19:53 INFO  time: compiled root in 0.42s
2026.03.17 16:20:07 INFO  compiling root (1 scala source)
2026.03.17 16:20:09 INFO  time: compiled root in 1.87s
3月 17, 2026 4:20:15 下午 org.eclipse.lsp4j.jsonrpc.services.GenericEndpoint notify
信息: Unsupported notification method: $/setTrace
2026.03.17 16:20:41 INFO  compiling root (1 scala source)
2026.03.17 16:20:41 INFO  time: compiled root in 0.49s
2026.03.17 16:44:02 INFO  Shutting down server
2026.03.17 16:44:02 INFO  Memory monitor stopped
2026.03.17 16:44:02 INFO  shutting down Metals
2026.03.17 16:44:02 INFO  Shut down connection with build server.
2026.03.17 16:44:02 INFO  Shut down connection with build server.
2026.03.17 16:44:02 INFO  Shut down connection with build server.
2026.03.17 16:44:02 INFO  Exiting server
2026.03.17 18:13:49 INFO  Started: Metals version 1.6.6 in folders '/home/cooper/Code/Chisel/chisel-template' for client Visual Studio Code 1.111.0.
2026.03.17 18:13:49 INFO  Memory monitor started
2026.03.17 18:13:49 WARN  Using H2 2.4.240 which is newer than the version Flyway has been verified with. The latest verified version of H2 is 2.3.232.
2026.03.17 18:13:49 INFO  no build target found for /home/cooper/Code/Chisel/chisel-template/src/main/scala/ConfilctDetecter/ConfilctDetecter.scala. Using presentation compiler with project's scala-library version: 3.3.7
2026.03.17 18:13:49 INFO  Attempting to connect to the build server...
2026.03.17 18:13:49 INFO  No running Bloop server found, starting one.
2026.03.17 18:13:50 INFO  Starting compilation server
2026.03.17 18:13:50 INFO  tracing is disabled for protocol BSP, to enable tracing of incoming and outgoing JSON messages create an empty file at /home/cooper/Code/Chisel/chisel-template/.metals/bsp.trace.json or /home/cooper/.cache/metals/bsp.trace.json
2026.03.17 18:13:51 INFO  Attempting to connect to the build server...
2026.03.17 18:13:51 INFO  Found a Bloop server running
2026.03.17 18:13:51 INFO  Attempting to connect to the build server...
2026.03.17 18:13:51 INFO  Found a Bloop server running
2026.03.17 18:13:51 INFO  tracing is disabled for protocol BSP, to enable tracing of incoming and outgoing JSON messages create an empty file at /home/cooper/Code/Chisel/chisel-template/project/project/.metals/bsp.trace.json or /home/cooper/.cache/metals/bsp.trace.json
2026.03.17 18:13:51 INFO  tracing is disabled for protocol BSP, to enable tracing of incoming and outgoing JSON messages create an empty file at /home/cooper/Code/Chisel/chisel-template/project/.metals/bsp.trace.json or /home/cooper/.cache/metals/bsp.trace.json
2026.03.17 18:13:51 INFO  time: Connected to build server in 1.61s
2026.03.17 18:13:51 INFO  Connected to Build server: Bloop v2.0.19
2026.03.17 18:13:52 WARN  Using H2 2.4.240 which is newer than the version Flyway has been verified with. The latest verified version of H2 is 2.3.232.
2026.03.17 18:13:52 INFO  time: indexed workspace in 1.69s
2026.03.17 18:13:53 INFO  compiling root-test (1 scala source)
2026.03.17 18:13:53 INFO  time: compiled root-test in 0.87s
3月 17, 2026 6:18:40 下午 org.eclipse.lsp4j.jsonrpc.RemoteEndpoint handleCancellation
警告: Unmatched cancel notification for request id 83
3月 17, 2026 6:32:06 下午 org.eclipse.lsp4j.jsonrpc.RemoteEndpoint handleCancellation
警告: Unmatched cancel notification for request id 855
3月 17, 2026 6:44:13 下午 org.eclipse.lsp4j.jsonrpc.RemoteEndpoint handleCancellation
警告: Unmatched cancel notification for request id 5274
3月 17, 2026 6:50:19 下午 scala.meta.internal.pc.CompilerAccess retryWithCleanCompiler
信息: compiler crashed due to an error in the Scala compiler, retrying with new compiler instance.
2026.03.17 18:50:19 INFO  Created report: Optional[file:///home/cooper/Code/Chisel/chisel-template/src/main/scala/ConfilctDetecter/ConfilctDetecter.scala]
2026.03.17 18:50:19 INFO  scala.ScalaReflectionException: value stop_ID is not a method (full report at: "/home/cooper/Code/Chisel/chisel-template/.metals/.reports/metals-full/2026-03-17/r_compiler-error_(root)_18-50-19-343.md")
2026.03.17 18:50:19 WARN  Could not find semantic tokens for: file:///home/cooper/Code/Chisel/chisel-template/src/main/scala/ConfilctDetecter/ConfilctDetecter.scala
2026.03.17 18:56:53 INFO  compiling root (1 scala source)
2026.03.17 18:56:53 INFO  time: compiled root in 0.28s
2026.03.17 18:56:56 INFO  compiling root (3 scala sources)
2026.03.17 18:56:56 INFO  time: compiled root in 0.51s
2026.03.17 18:57:33 INFO  compiling root (3 scala sources)
2026.03.17 18:57:33 INFO  Created report: Optional[file:///home/cooper/Code/Chisel/chisel-template/src/main/scala/ConfilctDetecter/ConfilctDetecter.scala]
2026.03.17 18:57:33 INFO  empty definition using pc, found symbol in pc:  (full report at: "/home/cooper/Code/Chisel/chisel-template/.metals/.reports/metals-full/2026-03-17/r_empty-definition_(root)_18-57-33-733.md")
2026.03.17 18:57:33 INFO  time: compiled root in 0.38s
2026.03.17 18:57:37 INFO  empty definition using pc, found symbol in pc:  (full report at: "/home/cooper/Code/Chisel/chisel-template/.metals/.reports/metals-full/2026-03-17/r_empty-definition_(root)_18-57-33-733.md")
2026.03.17 18:57:58 INFO  compiling root (3 scala sources)
2026.03.17 18:58:00 INFO  compiling root-test (1 scala source)
2026.03.17 18:58:00 INFO  time: compiled root in 1.96s
2026.03.17 18:58:00 INFO  time: compiled root-test in 0.11s
3月 17, 2026 6:58:04 下午 org.eclipse.lsp4j.jsonrpc.RemoteEndpoint handleCancellation
警告: Unmatched cancel notification for request id 8495
3月 17, 2026 7:13:31 下午 org.eclipse.lsp4j.jsonrpc.services.GenericEndpoint notify
信息: Unsupported notification method: $/setTrace
3月 17, 2026 7:13:52 下午 org.eclipse.lsp4j.jsonrpc.services.GenericEndpoint notify
信息: Unsupported notification method: $/setTrace
3月 17, 2026 7:13:53 下午 org.eclipse.lsp4j.jsonrpc.services.GenericEndpoint notify
信息: Unsupported notification method: $/setTrace
2026.03.17 19:36:56 INFO  compiling root (1 scala source)
2026.03.17 19:36:56 INFO  Shutting down server
2026.03.17 19:36:56 INFO  Memory monitor stopped
2026.03.17 19:36:56 INFO  shutting down Metals
2026.03.17 19:36:56 INFO  Shut down connection with build server.
2026.03.17 19:36:56 INFO  Shut down connection with build server.
2026.03.17 19:36:56 INFO  Shut down connection with build server.
2026.03.17 19:36:56 INFO  Cancelling compilation on Bloop server
2026.03.17 19:36:56 INFO  Exiting server
2026.03.17 19:37:38 INFO  Started: Metals version 1.6.6 in folders '/home/cooper/Code/Chisel/chisel-template' for client Visual Studio Code 1.111.0.
2026.03.17 19:37:38 INFO  Memory monitor started
2026.03.17 19:37:41 WARN  Using H2 2.4.240 which is newer than the version Flyway has been verified with. The latest verified version of H2 is 2.3.232.
2026.03.17 19:37:41 INFO  no build target found for /home/cooper/Code/Chisel/chisel-template/src/main/scala/ConfilctDetecter/ConfilctDetecter.scala. Using presentation compiler with project's scala-library version: 3.3.7
2026.03.17 19:37:41 INFO  Attempting to connect to the build server...
2026.03.17 19:37:41 INFO  No running Bloop server found, starting one.
2026.03.17 19:37:41 INFO  Starting compilation server
2026.03.17 19:37:42 INFO  tracing is disabled for protocol BSP, to enable tracing of incoming and outgoing JSON messages create an empty file at /home/cooper/Code/Chisel/chisel-template/.metals/bsp.trace.json or /home/cooper/.cache/metals/bsp.trace.json
2026.03.17 19:37:42 INFO  Attempting to connect to the build server...
2026.03.17 19:37:42 INFO  Found a Bloop server running
2026.03.17 19:37:42 INFO  Attempting to connect to the build server...
2026.03.17 19:37:42 INFO  Found a Bloop server running
2026.03.17 19:37:42 INFO  tracing is disabled for protocol BSP, to enable tracing of incoming and outgoing JSON messages create an empty file at /home/cooper/Code/Chisel/chisel-template/project/.metals/bsp.trace.json or /home/cooper/.cache/metals/bsp.trace.json
2026.03.17 19:37:43 INFO  tracing is disabled for protocol BSP, to enable tracing of incoming and outgoing JSON messages create an empty file at /home/cooper/Code/Chisel/chisel-template/project/project/.metals/bsp.trace.json or /home/cooper/.cache/metals/bsp.trace.json
2026.03.17 19:37:43 INFO  time: Connected to build server in 1.75s
2026.03.17 19:37:43 INFO  Connected to Build server: Bloop v2.0.19
2026.03.17 19:37:44 INFO  Shutting down server
2026.03.17 19:37:44 INFO  Memory monitor stopped
2026.03.17 19:37:44 INFO  shutting down Metals
2026.03.17 19:37:44 INFO  Shut down connection with build server.
2026.03.17 19:37:44 INFO  Shut down connection with build server.
2026.03.17 19:37:44 INFO  Shut down connection with build server.
2026.03.17 19:37:44 INFO  Exiting server
2026.03.17 20:55:04 INFO  Started: Metals version 1.6.6 in folders '/home/cooper/Code/Chisel/chisel-template' for client Visual Studio Code 1.111.0.
2026.03.17 20:55:04 INFO  Memory monitor started
2026.03.17 20:55:04 WARN  Using H2 2.4.240 which is newer than the version Flyway has been verified with. The latest verified version of H2 is 2.3.232.
2026.03.17 20:55:04 INFO  no build target found for /home/cooper/Code/Chisel/chisel-template/src/main/scala/ConfilctDetecter/ConfilctDetecter.scala. Using presentation compiler with project's scala-library version: 3.3.7
2026.03.17 20:55:04 INFO  Attempting to connect to the build server...
2026.03.17 20:55:04 INFO  Found a Bloop server running
2026.03.17 20:55:04 INFO  tracing is disabled for protocol BSP, to enable tracing of incoming and outgoing JSON messages create an empty file at /home/cooper/Code/Chisel/chisel-template/.metals/bsp.trace.json or /home/cooper/.cache/metals/bsp.trace.json
2026.03.17 20:55:05 INFO  Attempting to connect to the build server...
2026.03.17 20:55:05 INFO  Found a Bloop server running
2026.03.17 20:55:05 INFO  Attempting to connect to the build server...
2026.03.17 20:55:05 INFO  Found a Bloop server running
2026.03.17 20:55:05 INFO  tracing is disabled for protocol BSP, to enable tracing of incoming and outgoing JSON messages create an empty file at /home/cooper/Code/Chisel/chisel-template/project/project/.metals/bsp.trace.json or /home/cooper/.cache/metals/bsp.trace.json
2026.03.17 20:55:05 INFO  tracing is disabled for protocol BSP, to enable tracing of incoming and outgoing JSON messages create an empty file at /home/cooper/Code/Chisel/chisel-template/project/.metals/bsp.trace.json or /home/cooper/.cache/metals/bsp.trace.json
2026.03.17 20:55:05 INFO  time: Connected to build server in 0.27s
2026.03.17 20:55:05 INFO  Connected to Build server: Bloop v2.0.19
2026.03.17 20:55:06 WARN  Using H2 2.4.240 which is newer than the version Flyway has been verified with. The latest verified version of H2 is 2.3.232.
2026.03.17 20:55:06 INFO  time: indexed workspace in 2.06s
2026.03.17 20:55:07 INFO  compiling root (1 scala source)
2026.03.17 20:55:09 INFO  time: compiled root in 2.16s
2026.03.17 20:55:09 INFO  compiling root-test (1 scala source)
2026.03.17 20:55:09 INFO  time: compiled root-test in 0.21s
2026.03.17 21:30:36 INFO  Shutting down server
2026.03.17 21:30:36 INFO  Memory monitor stopped
2026.03.17 21:30:36 INFO  shutting down Metals
2026.03.17 21:30:36 INFO  Shut down connection with build server.
2026.03.17 21:30:36 INFO  Shut down connection with build server.
2026.03.17 21:30:36 INFO  Shut down connection with build server.
2026.03.17 21:30:36 INFO  Exiting server
2026.03.22 14:17:45 INFO  Started: Metals version 1.6.6 in folders '/home/cooper/Code/Chisel/chisel-template' for client Visual Studio Code 1.112.0.
2026.03.22 14:17:45 INFO  Memory monitor started
2026.03.22 14:17:45 WARN  Using H2 2.4.240 which is newer than the version Flyway has been verified with. The latest verified version of H2 is 2.3.232.
2026.03.22 14:17:45 INFO  no build target found for /home/cooper/Code/Chisel/chisel-template/src/main/scala/ConfilctDetecter/ConfilctDetecter.scala. Using presentation compiler with project's scala-library version: 3.3.7
2026.03.22 14:17:47 INFO  no build target found for /home/cooper/Code/Chisel/chisel-template/src/main/scala/ConfilctDetecter/ConfilctDetecter.scala. Using presentation compiler with project's scala-library version: 3.3.7
2026.03.22 14:17:47 INFO  Attempting to connect to the build server...
2026.03.22 14:17:47 INFO  No running Bloop server found, starting one.
2026.03.22 14:17:47 INFO  Starting compilation server
2026.03.22 14:17:48 INFO  tracing is disabled for protocol BSP, to enable tracing of incoming and outgoing JSON messages create an empty file at /home/cooper/Code/Chisel/chisel-template/.metals/bsp.trace.json or /home/cooper/.cache/metals/bsp.trace.json
2026.03.22 14:17:48 INFO  Attempting to connect to the build server...
2026.03.22 14:17:48 INFO  Found a Bloop server running
2026.03.22 14:17:48 INFO  Attempting to connect to the build server...
2026.03.22 14:17:48 INFO  Found a Bloop server running
2026.03.22 14:17:48 INFO  tracing is disabled for protocol BSP, to enable tracing of incoming and outgoing JSON messages create an empty file at /home/cooper/Code/Chisel/chisel-template/project/.metals/bsp.trace.json or /home/cooper/.cache/metals/bsp.trace.json
2026.03.22 14:17:48 INFO  tracing is disabled for protocol BSP, to enable tracing of incoming and outgoing JSON messages create an empty file at /home/cooper/Code/Chisel/chisel-template/project/project/.metals/bsp.trace.json or /home/cooper/.cache/metals/bsp.trace.json
2026.03.22 14:17:48 INFO  time: Connected to build server in 1.56s
2026.03.22 14:17:48 INFO  Connected to Build server: Bloop v2.0.19
2026.03.22 14:17:50 WARN  Using H2 2.4.240 which is newer than the version Flyway has been verified with. The latest verified version of H2 is 2.3.232.
2026.03.22 14:17:50 INFO  time: indexed workspace in 1.78s
2026.03.22 14:17:50 INFO  compiling root-test (1 scala source)
2026.03.22 14:17:50 INFO  time: compiled root-test in 0.88s
3月 22, 2026 2:47:05 下午 org.eclipse.lsp4j.jsonrpc.RemoteEndpoint fallbackResponseError
严重: Internal error: java.lang.StringIndexOutOfBoundsException: Range [2235, 2257) out of bounds for length 2194
java.util.concurrent.CompletionException: java.lang.StringIndexOutOfBoundsException: Range [2235, 2257) out of bounds for length 2194
	at java.base/java.util.concurrent.CompletableFuture.encodeThrowable(CompletableFuture.java:332)
	at java.base/java.util.concurrent.CompletableFuture.completeThrowable(CompletableFuture.java:347)
	at java.base/java.util.concurrent.CompletableFuture$UniAccept.tryFire(CompletableFuture.java:708)
	at java.base/java.util.concurrent.CompletableFuture.postComplete(CompletableFuture.java:510)
	at java.base/java.util.concurrent.CompletableFuture.completeExceptionally(CompletableFuture.java:2194)
	at scala.meta.internal.metals.CancelTokens$.$anonfun$future$1(CancelTokens.scala:40)
	at scala.meta.internal.metals.CancelTokens$.$anonfun$future$1$adapted(CancelTokens.scala:38)
	at scala.concurrent.impl.Promise$Transformation.run(Promise.scala:517)
	at java.base/java.util.concurrent.ThreadPoolExecutor.runWorker(ThreadPoolExecutor.java:1144)
	at java.base/java.util.concurrent.ThreadPoolExecutor$Worker.run(ThreadPoolExecutor.java:642)
	at java.base/java.lang.Thread.run(Thread.java:1583)
Caused by: java.lang.StringIndexOutOfBoundsException: Range [2235, 2257) out of bounds for length 2194
	at java.base/jdk.internal.util.Preconditions$1.apply(Preconditions.java:55)
	at java.base/jdk.internal.util.Preconditions$1.apply(Preconditions.java:52)
	at java.base/jdk.internal.util.Preconditions$4.apply(Preconditions.java:213)
	at java.base/jdk.internal.util.Preconditions$4.apply(Preconditions.java:210)
	at java.base/jdk.internal.util.Preconditions.outOfBounds(Preconditions.java:98)
	at java.base/jdk.internal.util.Preconditions.outOfBoundsCheckFromToIndex(Preconditions.java:112)
	at java.base/jdk.internal.util.Preconditions.checkFromToIndex(Preconditions.java:349)
	at java.base/java.lang.String.checkBoundsBeginEnd(String.java:4865)
	at java.base/java.lang.String.substring(String.java:2834)
	at scala.meta.internal.metals.codeactions.FlatMapToForComprehensionCodeAction.getIndentForPos(FlatMapToForComprehensionCodeAction.scala:679)
	at scala.meta.internal.metals.codeactions.FlatMapToForComprehensionCodeAction.$anonfun$contribute$4(FlatMapToForComprehensionCodeAction.scala:59)
	at scala.Option.map(Option.scala:242)
	at scala.meta.internal.metals.codeactions.FlatMapToForComprehensionCodeAction.$anonfun$contribute$3(FlatMapToForComprehensionCodeAction.scala:55)
	at scala.Option.flatMap(Option.scala:283)
	at scala.meta.internal.metals.codeactions.FlatMapToForComprehensionCodeAction.$anonfun$contribute$2(FlatMapToForComprehensionCodeAction.scala:54)
	at scala.Option.flatMap(Option.scala:283)
	at scala.meta.internal.metals.codeactions.FlatMapToForComprehensionCodeAction.$anonfun$contribute$1(FlatMapToForComprehensionCodeAction.scala:53)
	at scala.concurrent.Future$.$anonfun$apply$1(Future.scala:691)
	at scala.concurrent.impl.Promise$Transformation.run(Promise.scala:500)
	... 3 more

3月 22, 2026 2:49:53 下午 org.eclipse.lsp4j.jsonrpc.RemoteEndpoint handleCancellation
警告: Unmatched cancel notification for request id 2224
3月 22, 2026 2:50:51 下午 org.eclipse.lsp4j.jsonrpc.RemoteEndpoint handleCancellation
警告: Unmatched cancel notification for request id 2560
2026.03.22 15:17:51 INFO  compiling root (1 scala source)
2026.03.22 15:17:51 INFO  time: compiled root in 0.3s
2026.03.22 15:18:44 INFO  compiling root (1 scala source)
2026.03.22 15:18:45 INFO  compiling root-test (1 scala source)
2026.03.22 15:18:45 INFO  time: compiled root in 1.38s
2026.03.22 15:18:45 INFO  time: compiled root-test in 0.17s
2026.03.22 15:39:52 INFO  compiling root (1 scala source)
2026.03.22 15:39:54 INFO  time: compiled root in 1.57s
2026.03.22 15:39:54 INFO  compiling root-test (1 scala source)
2026.03.22 15:39:54 INFO  time: compiled root-test in 0.1s
2026.03.22 15:40:03 INFO  compiling root (1 scala source)
2026.03.22 15:40:03 INFO  time: compiled root in 0.73s
2026.03.22 15:40:03 INFO  compiling root-test (1 scala source)
2026.03.22 15:40:03 INFO  time: compiled root-test in 97ms
3月 22, 2026 3:40:13 下午 org.eclipse.lsp4j.jsonrpc.services.GenericEndpoint notify
信息: Unsupported notification method: $/setTrace
2026.03.22 15:40:38 INFO  Shutting down server
2026.03.22 15:40:38 INFO  Memory monitor stopped
2026.03.22 15:40:38 INFO  shutting down Metals
2026.03.22 15:40:38 INFO  Shut down connection with build server.
2026.03.22 15:40:38 INFO  Shut down connection with build server.
2026.03.22 15:40:38 INFO  Shut down connection with build server.
2026.03.22 15:40:38 INFO  Exiting server
